TN:
SF:C:\Users\Emmanuel\Desktop\hackerbay\test1\auth\bcrypt.js
FN:33,(anonymous_0)
FN:34,(anonymous_1)
FN:50,(anonymous_2)
FN:51,(anonymous_3)
FNF:4
FNH:4
FNDA:4,(anonymous_0)
FNDA:4,(anonymous_1)
FNDA:1,(anonymous_2)
FNDA:1,(anonymous_3)
DA:10,1
DA:15,1
DA:24,1
DA:34,4
DA:35,4
DA:36,4
DA:51,1
DA:52,1
DA:53,1
LF:9
LH:9
BRDA:35,0,0,0
BRDA:35,0,1,4
BRDA:52,1,0,0
BRDA:52,1,1,1
BRF:4
BRH:2
end_of_record
TN:
SF:C:\Users\Emmanuel\Desktop\hackerbay\test1\auth\jsonwebtoken.js
FN:28,(anonymous_0)
FN:40,(anonymous_1)
FN:41,(anonymous_2)
FNF:3
FNH:3
FNDA:2,(anonymous_0)
FNDA:1,(anonymous_1)
FNDA:1,(anonymous_2)
DA:9,1
DA:10,1
DA:11,1
DA:20,1
DA:29,2
DA:41,1
DA:42,1
DA:43,0
DA:44,0
DA:47,1
DA:48,1
LF:11
LH:9
BRDA:42,0,0,0
BRDA:42,0,1,1
BRDA:47,1,0,0
BRDA:47,1,1,1
BRF:4
BRH:2
end_of_record
TN:
SF:C:\Users\Emmanuel\Desktop\hackerbay\test1\config\config.js
FNF:0
FNH:0
DA:12,1
LF:1
LH:1
BRF:0
BRH:0
end_of_record
TN:
SF:C:\Users\Emmanuel\Desktop\hackerbay\test1\img-thumbnail\img-thumbnail.js
FN:27,(anonymous_0)
FN:30,(anonymous_1)
FN:31,(anonymous_2)
FN:44,(anonymous_3)
FN:47,(anonymous_4)
FNF:5
FNH:0
FNDA:0,(anonymous_0)
FNDA:0,(anonymous_1)
FNDA:0,(anonymous_2)
FNDA:0,(anonymous_3)
FNDA:0,(anonymous_4)
DA:9,1
DA:10,1
DA:11,1
DA:12,1
DA:18,1
DA:29,0
DA:30,0
DA:31,0
DA:32,0
DA:45,0
DA:48,0
LF:11
LH:5
BRDA:29,0,0,0
BRDA:29,0,1,0
BRF:2
BRH:0
end_of_record
TN:
SF:C:\Users\Emmanuel\Desktop\hackerbay\test1\patch\patch.js
FN:27,(anonymous_0)
FN:40,(anonymous_1)
FNF:2
FNH:2
FNDA:1,(anonymous_0)
FNDA:2,(anonymous_1)
DA:9,1
DA:10,1
DA:17,1
DA:28,1
DA:42,2
DA:43,2
DA:44,2
DA:46,0
DA:47,0
LF:9
LH:7
BRDA:43,0,0,2
BRDA:43,0,1,0
BRDA:43,1,0,2
BRDA:43,1,1,0
BRF:4
BRH:2
end_of_record
